0 verbose cli /data/data/com.termux/files/usr/bin/node /data/data/com.termux/files/usr/bin/npm
1 info using npm@8.19.2
2 info using node@v16.18.1
3 timing npm:load:whichnode Completed in 1ms
4 timing config:load:defaults Completed in 4ms
5 timing config:load:file:/data/data/com.termux/files/usr/lib/node_modules/npm/npmrc Completed in 5ms
6 timing config:load:builtin Completed in 5ms
7 timing config:load:cli Completed in 4ms
8 timing config:load:env Completed in 1ms
9 timing config:load:file:/.npmrc Completed in 1ms
10 timing config:load:project Completed in 4ms
11 timing config:load:file:/data/data/com.termux/files/home/.npmrc Completed in 1ms
12 timing config:load:user Completed in 2ms
13 timing config:load:file:/data/data/com.termux/files/usr/etc/npmrc Completed in 1ms
14 timing config:load:global Completed in 1ms
15 timing config:load:validate Completed in 0ms
16 timing config:load:credentials Completed in 6ms
17 timing config:load:setEnvs Completed in 3ms
18 timing config:load Completed in 31ms
19 timing npm:load:configload Completed in 31ms
20 timing npm:load:mkdirpcache Completed in 4ms
21 timing npm:load:mkdirplogs Completed in 3ms
22 verbose title npm config set foreground-scripts true
23 verbose argv "config" "set" "foreground-scripts" "true"
24 timing npm:load:setTitle Completed in 6ms
25 timing config:load:flatten Completed in 7ms
26 timing npm:load:display Completed in 11ms
27 verbose logfile logs-max:10 dir:/data/data/com.termux/files/home/.npm/_logs
28 verbose logfile /data/data/com.termux/files/home/.npm/_logs/2022-12-23T20_58_10_979Z-debug-0.log
29 timing npm:load:logFile Completed in 11ms
30 timing npm:load:timers Completed in 0ms
31 timing npm:load:configScope Completed in 0ms
32 timing npm:load Completed in 69ms
33 info config set "foreground-scripts" "true"
34 silly logfile done cleaning log files
35 timing config:load:flatten Completed in 1ms
36 timing command:config Completed in 76ms
37 verbose exit 0
38 timing npm Completed in 159ms
39 info ok
